<?xml version="1.0" encoding="UTF-8" ?>
<testsuite tests="3" failures="0" name="org.qa.GumTreeDemo.Runner.TestRunner" time="36.817" errors="2" skipped="0">
  <properties>
[...]
</properties>
  <testcase classname="Test API results for given payload" name="Construct payload and review result" time="3.806"/>
  <testcase classname="Check for opening Sample search results" name="Open Gum Tree home page and search for results" time="32.974">
    <error message="TODO: implement me" type="io.cucumber.java.PendingException">io.cucumber.java.PendingException: TODO: implement me
	at org.qa.GumTreeDemo.StepDefn.UIStepDefn.searchForCategory(UIStepDefn.java:52)
	at ✽.I search for Category - &quot;Electronics &amp; Computer&quot;(classpath:Features/GumTreeUITest.feature:5)
</error>
    <system-err>Starting ChromeDriver 102.0.5005.61 (0e59bcc00cc4985ce39ad31c150065f159d95ad3-refs/branch-heads/5005@{#819}) on port 62645
Only local connections are allowed.
Please see https://chromedriver.chromium.org/security-considerations for suggestions on keeping ChromeDriver safe.
ChromeDriver was started successfully.
May 30, 2022 6:59:35 PM org.openqa.selenium.remote.ProtocolHandshake createSession
INFO: Detected dialect: W3C
May 30, 2022 6:59:35 PM org.openqa.selenium.devtools.CdpVersionFinder findNearestMatch
WARNING: Unable to find an exact match for CDP version 102, so returning the closest version found: 99
May 30, 2022 6:59:35 PM org.openqa.selenium.devtools.CdpVersionFinder findNearestMatch
INFO: Found CDP implementation for version 102 of 99
</system-err>
  </testcase>
  <testcase classname="Check for opening Sample search results" name="Validate the search results" time="0.037">
    <error message="TODO: implement me" type="io.cucumber.java.PendingException">io.cucumber.java.PendingException: TODO: implement me
	at org.qa.GumTreeDemo.StepDefn.UIStepDefn.verifyPreviousScenarioSuccessful(UIStepDefn.java:79)
	at ✽.search results are displayed on the web page from previous tests(classpath:Features/GumTreeUITest.feature:12)
</error>
  </testcase>
</testsuite>